blueGrass/build/outputs/logs/manifest-merger-release-report.txt
-- Merging decision tree log ---
manifest
ADDED from src\main\AndroidManifest.xml:2:1-189:12
INJECTED from src\main\AndroidManifest.xml:2:1-189:12
INJECTED from src\main\AndroidManifest.xml:2:1-189:12
INJECTED from src\main\AndroidManifest.xml:2:1-189:12
MERGED from [com.android.support.constraint:constraint-layout:1.1.3] AndroidManifest.xml:2:1-11:12
MERGED from [:pullToRefrashlibrary] AndroidManifest.xml:2:1-11:12
MERGED from [:library] AndroidManifest.xml:2:1-17:12
MERGED from [com.android.support:design:28.0.0] AndroidManifest.xml:17:1-24:12
MERGED from [com.android.support:cardview-v7:28.0.0] AndroidManifest.xml:17:1-22:12
MERGED from [:imageselector] AndroidManifest.xml:2:1-21:12
MERGED from [com.android.support:support-v13:28.0.0] AndroidManifest.xml:17:1-22:12
MERGED from [com.android.support:support-v4:28.0.0] AndroidManifest.xml:17:1-22:12
MERGED from [:PushSDK] AndroidManifest.xml:2:1-162:12
MERGED from [com.android.support:recyclerview-v7:28.0.0] AndroidManifest.xml:17:1-22:12
MERGED from [com.android.support:appcompat-v7:28.0.0] AndroidManifest.xml:17:1-22:12
MERGED from [com.lzy.net:okgo:3.0.4] AndroidManifest.xml:17:1-31:12
MERGED from [cn.jzvd:jiaozivideoplayer:6.2.12] AndroidManifest.xml:2:1-13:12
MERGED from [com.iceteck.silicompressorr:silicompressor:2.2.1] AndroidManifest.xml:2:1-29:12
MERGED from [com.android.support:multidex-instrumentation:1.0.3] AndroidManifest.xml:17:1-22:12
MERGED from [com.android.support:multidex:1.0.3] AndroidManifest.xml:17:1-22:12
MERGED from [com.danikula:videocache:2.7.1] AndroidManifest.xml:2:1-14:12
MERGED from [com.squareup.leakcanary:leakcanary-android-no-op:1.5.4] AndroidManifest.xml:17:1-22:12
MERGED from [com.android.support:support-fragment:28.0.0] AndroidManifest.xml:17:1-22:12
MERGED from [com.android.support:animated-vector-drawable:28.0.0] AndroidManifest.xml:17:1-22:12
MERGED from [com.android.support:support-core-ui:28.0.0] AndroidManifest.xml:17:1-22:12
MERGED from [com.android.support:support-core-utils:28.0.0] AndroidManifest.xml:17:1-22:12
MERGED from [com.android.support:transition:28.0.0] AndroidManifest.xml:17:1-22:12
MERGED from [com.android.support:support-media-compat:28.0.0] AndroidManifest.xml:17:1-22:12
MERGED from [com.android.support:support-vector-drawable:28.0.0] AndroidManifest.xml:17:1-22:12
MERGED from [com.android.support:viewpager:28.0.0] AndroidManifest.xml:17:1-22:12
MERGED from [com.android.support:coordinatorlayout:28.0.0] AndroidManifest.xml:17:1-22:12
MERGED from [com.android.support:drawerlayout:28.0.0] AndroidManifest.xml:17:1-22:12
MERGED from [com.android.support:slidingpanelayout:28.0.0] AndroidManifest.xml:17:1-22:12
MERGED from [com.android.support:customview:28.0.0] AndroidManifest.xml:17:1-22:12
MERGED from [com.android.support:swiperefreshlayout:28.0.0] AndroidManifest.xml:17:1-22:12
MERGED from [com.android.support:asynclayoutinflater:28.0.0] AndroidManifest.xml:17:1-22:12
MERGED from [com.android.support:loader:28.0.0] AndroidManifest.xml:17:1-22:12
MERGED from [com.android.support:support-compat:28.0.0] AndroidManifest.xml:17:1-24:12
MERGED from [com.android.support:versionedparcelable:28.0.0] AndroidManifest.xml:17:1-25:12
MERGED from [com.android.support:cursoradapter:28.0.0] AndroidManifest.xml:17:1-22:12
MERGED from [android.arch.lifecycle:runtime:1.1.1] AndroidManifest.xml:17:1-22:12
MERGED from [com.android.support:interpolator:28.0.0] AndroidManifest.xml:17:1-22:12
MERGED from [com.android.support:documentfile:28.0.0] AndroidManifest.xml:17:1-22:12
MERGED from [com.android.support:localbroadcastmanager:28.0.0] AndroidManifest.xml:17:1-22:12
MERGED from [com.android.support:print:28.0.0] AndroidManifest.xml:17:1-22:12
MERGED from [android.arch.lifecycle:viewmodel:1.1.1] AndroidManifest.xml:17:1-22:12
MERGED from [android.arch.lifecycle:livedata:1.1.1] AndroidManifest.xml:17:1-22:12
MERGED from [android.arch.lifecycle:livedata-core:1.1.1] AndroidManifest.xml:17:1-22:12
MERGED from [android.arch.core:runtime:1.1.1] AndroidManifest.xml:17:1-22:12
INJECTED from src\main\AndroidManifest.xml:2:1-189:12
INJECTED from src\main\AndroidManifest.xml:2:1-189:12
INJECTED from src\main\AndroidManifest.xml:2:1-189:12
	package
		ADDED from src\main\AndroidManifest.xml:3:5-37
		INJECTED from src\main\AndroidManifest.xml
		INJECTED from src\main\AndroidManifest.xml
	android:versionName
		INJECTED from src\main\AndroidManifest.xml
		ADDED from src\main\AndroidManifest.xml:5:9-34
		INJECTED from src\main\AndroidManifest.xml
	android:versionCode
		INJECTED from src\main\AndroidManifest.xml
		ADDED from src\main\AndroidManifest.xml:4:13-36
		INJECTED from src\main\AndroidManifest.xml
	xmlns:android
		ADDED from src\main\AndroidManifest.xml:2:11-69
uses-permission#android.permission.INTERNET
ADDED from src\main\AndroidManifest.xml:10:5-67
MERGED from [:PushSDK] AndroidManifest.xml:11:5-67
MERGED from [:PushSDK] AndroidManifest.xml:11:5-67
MERGED from [com.lzy.net:okgo:3.0.4] AndroidManifest.xml:26:5-67
MERGED from [com.lzy.net:okgo:3.0.4] AndroidManifest.xml:26:5-67
	android:name
		ADDED from src\main\AndroidManifest.xml:10:22-64
uses-permission#android.permission.GET_TASKS
ADDED from src\main\AndroidManifest.xml:11:5-68
MERGED from [:PushSDK] AndroidManifest.xml:22:5-68
MERGED from [:PushSDK] AndroidManifest.xml:22:5-68
	android:name
		ADDED from src\main\AndroidManifest.xml:11:22-65
uses-permission#android.permission.ACCESS_GPS
ADDED from src\main\AndroidManifest.xml:12:5-69
	android:name
		ADDED from src\main\AndroidManifest.xml:12:22-66
uses-permission#android.permission.ACCESS_FINE_LOCATION
ADDED from src\main\AndroidManifest.xml:14:5-79
	android:name
		ADDED from src\main\AndroidManifest.xml:14:22-76
uses-permission#android.permission.ACCESS_COARSE_LOCATION
ADDED from src\main\AndroidManifest.xml:16:5-81
	android:name
		ADDED from src\main\AndroidManifest.xml:16:22-78
uses-permission#android.permission.ACCESS_LOCATION_EXTRA_COMMANDS
ADDED from src\main\AndroidManifest.xml:18:5-89
	android:name
		ADDED from src\main\AndroidManifest.xml:18:22-86
uses-permission#android.permission.ACCESS_NETWORK_STATE
ADDED from src\main\AndroidManifest.xml:19:5-79
MERGED from [:PushSDK] AndroidManifest.xml:12:5-79
MERGED from [:PushSDK] AndroidManifest.xml:12:5-79
MERGED from [cn.jzvd:jiaozivideoplayer:6.2.12] AndroidManifest.xml:11:5-79
MERGED from [cn.jzvd:jiaozivideoplayer:6.2.12] AndroidManifest.xml:11:5-79
	android:name
		ADDED from src\main\AndroidManifest.xml:19:22-76
uses-permission#android.permission.CHANGE_WIFI_STATE
ADDED from src\main\AndroidManifest.xml:21:5-76
MERGED from [:PushSDK] AndroidManifest.xml:25:5-76
MERGED from [:PushSDK] AndroidManifest.xml:25:5-76
	android:name
		ADDED from src\main\AndroidManifest.xml:21:22-73
uses-permission#android.permission.ACCESS_WIFI_STATE
ADDED from src\main\AndroidManifest.xml:23:5-76
MERGED from [:PushSDK] AndroidManifest.xml:13:5-76
MERGED from [:PushSDK] AndroidManifest.xml:13:5-76
	android:name
		ADDED from src\main\AndroidManifest.xml:23:22-73
uses-permission#android.permission.READ_PHONE_STATE
ADDED from src\main\AndroidManifest.xml:25:5-75
MERGED from [:PushSDK] AndroidManifest.xml:16:5-75
MERGED from [:PushSDK] AndroidManifest.xml:16:5-75
	android:name
		ADDED from src\main\AndroidManifest.xml:25:22-72
uses-permission#android.permission.WRITE_EXTERNAL_STORAGE
ADDED from src\main\AndroidManifest.xml:27:5-81
MERGED from [:PushSDK] AndroidManifest.xml:14:5-81
MERGED from [:PushSDK] AndroidManifest.xml:14:5-81
MERGED from [com.lzy.net:okgo:3.0.4] AndroidManifest.xml:28:5-81
MERGED from [com.lzy.net:okgo:3.0.4] AndroidManifest.xml:28:5-81
MERGED from [com.iceteck.silicompressorr:silicompressor:2.2.1] AndroidManifest.xml:12:5-81
MERGED from [com.iceteck.silicompressorr:silicompressor:2.2.1] AndroidManifest.xml:12:5-81
	android:name
		ADDED from src\main\AndroidManifest.xml:27:22-78
uses-permission#android.permission.READ_EXTERNAL_STORAGE
ADDED from src\main\AndroidManifest.xml:28:5-80
MERGED from [com.lzy.net:okgo:3.0.4] AndroidManifest.xml:27:5-80
MERGED from [com.lzy.net:okgo:3.0.4] AndroidManifest.xml:27:5-80
MERGED from [com.iceteck.silicompressorr:silicompressor:2.2.1] AndroidManifest.xml:11:5-80
MERGED from [com.iceteck.silicompressorr:silicompressor:2.2.1] AndroidManifest.xml:11:5-80
	android:name
		ADDED from src\main\AndroidManifest.xml:28:22-77
uses-permission#android.permission.VIBRATE
ADDED from src\main\AndroidManifest.xml:30:5-66
	android:name
		ADDED from src\main\AndroidManifest.xml:30:22-63
uses-permission#android.permission.CAMERA
ADDED from src\main\AndroidManifest.xml:31:5-65
	android:name
		ADDED from src\main\AndroidManifest.xml:31:22-62
uses-feature#android.hardware.camera
ADDED from src\main\AndroidManifest.xml:33:5-60
	android:name
		ADDED from src\main\AndroidManifest.xml:33:19-57
uses-feature#android.hardware.camera.autofocus
ADDED from src\main\AndroidManifest.xml:34:5-70
	android:name
		ADDED from src\main\AndroidManifest.xml:34:19-67
uses-permission#android.permission.RECORD_AUDIO
ADDED from src\main\AndroidManifest.xml:36:5-71
	android:name
		ADDED from src\main\AndroidManifest.xml:36:22-68
uses-feature#android.hardware.camera2
ADDED from src\main\AndroidManifest.xml:37:5-39:35
	android:required
		ADDED from src\main\AndroidManifest.xml:39:9-32
	android:name
		ADDED from src\main\AndroidManifest.xml:38:9-48
uses-permission#android.permission.REQUEST_INSTALL_PACKAGES
ADDED from src\main\AndroidManifest.xml:41:5-83
	android:name
		ADDED from src\main\AndroidManifest.xml:41:22-80
application
ADDED from src\main\AndroidManifest.xml:43:5-187:19
MERGED from [com.android.support.constraint:constraint-layout:1.1.3] AndroidManifest.xml:9:5-20
MERGED from [com.android.support.constraint:constraint-layout:1.1.3] AndroidManifest.xml:9:5-20
MERGED from [:library] AndroidManifest.xml:11:5-15:19
MERGED from [:library] AndroidManifest.xml:11:5-15:19
MERGED from [com.android.support:design:28.0.0] AndroidManifest.xml:22:5-20
MERGED from [com.android.support:design:28.0.0] AndroidManifest.xml:22:5-20
MERGED from [:imageselector] AndroidManifest.xml:11:5-19:19
MERGED from [:imageselector] AndroidManifest.xml:11:5-19:19
MERGED from [:PushSDK] AndroidManifest.xml:27:5-160:19
MERGED from [:PushSDK] AndroidManifest.xml:27:5-160:19
MERGED from [com.iceteck.silicompressorr:silicompressor:2.2.1] AndroidManifest.xml:14:5-27:19
MERGED from [com.iceteck.silicompressorr:silicompressor:2.2.1] AndroidManifest.xml:14:5-27:19
MERGED from [com.danikula:videocache:2.7.1] AndroidManifest.xml:12:5-20
MERGED from [com.danikula:videocache:2.7.1] AndroidManifest.xml:12:5-20
MERGED from [com.android.support:support-compat:28.0.0] AndroidManifest.xml:22:5-94
MERGED from [com.android.support:support-compat:28.0.0] AndroidManifest.xml:22:5-94
MERGED from [com.android.support:versionedparcelable:28.0.0] AndroidManifest.xml:22:5-23:19
MERGED from [com.android.support:versionedparcelable:28.0.0] AndroidManifest.xml:22:5-23:19
	android:appComponentFactory
		ADDED from [com.android.support:support-compat:28.0.0] AndroidManifest.xml:22:18-91
	android:supportsRtl
		ADDED from [:library] AndroidManifest.xml:14:9-35
	android:label
		ADDED from src\main\AndroidManifest.xml:47:9-41
	android:resizeableActivity
		ADDED from src\main\AndroidManifest.xml:50:9-42
	android:largeHeap
		ADDED from src\main\AndroidManifest.xml:48:9-33
	android:icon
		ADDED from src\main\AndroidManifest.xml:46:9-39
	android:allowBackup
		ADDED from src\main\AndroidManifest.xml:45:9-35
	android:theme
		ADDED from src\main\AndroidManifest.xml:51:9-45
	android:networkSecurityConfig
		ADDED from src\main\AndroidManifest.xml:49:9-69
	android:name
		ADDED from src\main\AndroidManifest.xml:44:9-52
uses-library#org.apache.http.legacy
ADDED from src\main\AndroidManifest.xml:53:9-55:40
	android:required
		ADDED from src\main\AndroidManifest.xml:55:13-37
	android:name
		ADDED from src\main\AndroidManifest.xml:54:13-50
meta-data#android.max_aspect
ADDED from src\main\AndroidManifest.xml:57:9-59:43
	android:value
		ADDED from src\main\AndroidManifest.xml:59:13-40
	android:name
		ADDED from src\main\AndroidManifest.xml:58:13-46
meta-data#android.notch_support
ADDED from src\main\AndroidManifest.xml:61:9-63:36
	android:value
		ADDED from src\main\AndroidManifest.xml:63:13-33
	android:name
		ADDED from src\main\AndroidManifest.xml:62:13-49
meta-data#com.baidu.lbsapi.API_KEY
ADDED from src\main\AndroidManifest.xml:65:9-67:64
	android:value
		ADDED from src\main\AndroidManifest.xml:67:13-61
	android:name
		ADDED from src\main\AndroidManifest.xml:66:13-52
meta-data#UMENG_APPKEY
ADDED from src\main\AndroidManifest.xml:68:9-70:56
	android:value
		ADDED from src\main\AndroidManifest.xml:70:13-53
	android:name
		ADDED from src\main\AndroidManifest.xml:69:13-40
meta-data#UMENG_CHANNEL
ADDED from src\main\AndroidManifest.xml:71:9-73:42
	android:value
		ADDED from src\main\AndroidManifest.xml:73:13-39
	android:name
		ADDED from src\main\AndroidManifest.xml:72:13-41
meta-data#UMENG_MESSAGE_SECRET
ADDED from src\main\AndroidManifest.xml:74:9-76:64
	android:value
		ADDED from src\main\AndroidManifest.xml:76:13-61
	android:name
		ADDED from src\main\AndroidManifest.xml:75:13-48
receiver#com.reeching.utils.NetCheckReceiver
ADDED from src\main\AndroidManifest.xml:78:9-82:20
	android:name
		ADDED from src\main\AndroidManifest.xml:78:19-69
intent-filter#action:name:android.net.conn.CONNECTIVITY_CHANGE
ADDED from src\main\AndroidManifest.xml:79:13-81:29
action#android.net.conn.CONNECTIVITY_CHANGE
ADDED from src\main\AndroidManifest.xml:80:17-79
	android:name
		ADDED from src\main\AndroidManifest.xml:80:25-76
service#com.baidu.location.f
ADDED from src\main\AndroidManifest.xml:84:9-87:41
	android:process
		ADDED from src\main\AndroidManifest.xml:87:13-38
	android:enabled
		ADDED from src\main\AndroidManifest.xml:86:13-35
	android:name
		ADDED from src\main\AndroidManifest.xml:85:13-48
provider#android.support.v4.content.FileProvider
ADDED from src\main\AndroidManifest.xml:88:9-96:20
	android:grantUriPermissions
		ADDED from src\main\AndroidManifest.xml:92:13-47
	android:authorities
		ADDED from src\main\AndroidManifest.xml:90:13-70
	android:exported
		ADDED from src\main\AndroidManifest.xml:91:13-37
	android:name
		ADDED from src\main\AndroidManifest.xml:89:13-67
meta-data#android.support.FILE_PROVIDER_PATHS
ADDED from src\main\AndroidManifest.xml:93:13-95:54
	android:resource
		ADDED from src\main\AndroidManifest.xml:95:17-51
	android:name
		ADDED from src\main\AndroidManifest.xml:94:17-67
activity#com.reeching.bluegrass.SpActivity
ADDED from src\main\AndroidManifest.xml:98:9-106:20
	android:label
		ADDED from src\main\AndroidManifest.xml:100:13-45
	android:name
		ADDED from src\main\AndroidManifest.xml:99:13-39
intent-filter#action:name:android.intent.action.MAIN+action:name:android.intent.action.VIEW+category:name:android.intent.category.LAUNCHER
ADDED from src\main\AndroidManifest.xml:101:13-105:29
action#android.intent.action.MAIN
ADDED from src\main\AndroidManifest.xml:102:17-69
	android:name
		ADDED from src\main\AndroidManifest.xml:102:25-66
action#android.intent.action.VIEW
ADDED from src\main\AndroidManifest.xml:103:21-72
	android:name
		ADDED from src\main\AndroidManifest.xml:103:29-70
category#android.intent.category.LAUNCHER
ADDED from src\main\AndroidManifest.xml:104:17-77
	android:name
		ADDED from src\main\AndroidManifest.xml:104:27-74
activity#com.reeching.bluegrass.AlbumActivity
ADDED from src\main\AndroidManifest.xml:107:9-51
	android:name
		ADDED from src\main\AndroidManifest.xml:107:19-48
activity#com.reeching.activity.FolderListActivity
ADDED from src\main\AndroidManifest.xml:108:9-77
	android:name
		ADDED from src\main\AndroidManifest.xml:108:19-74
activity#com.reeching.activity.ImageSelectActivity
ADDED from src\main\AndroidManifest.xml:109:9-78
	android:name
		ADDED from src\main\AndroidManifest.xml:109:19-75
activity#com.reeching.activity.PreviewImageActivity
ADDED from src\main\AndroidManifest.xml:110:9-112:50
	android:theme
		ADDED from src\main\AndroidManifest.xml:112:13-47
	android:name
		ADDED from src\main\AndroidManifest.xml:111:13-70
activity#com.reeching.bluegrass.AlterHualangActivity
ADDED from src\main\AndroidManifest.xml:113:9-58
	android:name
		ADDED from src\main\AndroidManifest.xml:113:19-55
activity#com.reeching.bluegrass.BeginToCheck
ADDED from src\main\AndroidManifest.xml:114:9-50
	android:name
		ADDED from src\main\AndroidManifest.xml:114:19-47
activity#com.reeching.bluegrass.BeginToHecha
ADDED from src\main\AndroidManifest.xml:115:9-118:52
	android:screenOrientation
		ADDED from src\main\AndroidManifest.xml:118:13-49
	android:configChanges
		ADDED from src\main\AndroidManifest.xml:117:13-74
	android:name
		ADDED from src\main\AndroidManifest.xml:116:13-41
activity#com.reeching.bluegrass.BitmapDisplay
ADDED from src\main\AndroidManifest.xml:119:9-51
	android:name
		ADDED from src\main\AndroidManifest.xml:119:19-48
activity#com.reeching.bluegrass.CheckHualangActivity
ADDED from src\main\AndroidManifest.xml:120:9-58
	android:name
		ADDED from src\main\AndroidManifest.xml:120:19-55
activity#com.reeching.bluegrass.GoHere
ADDED from src\main\AndroidManifest.xml:121:9-44
	android:name
		ADDED from src\main\AndroidManifest.xml:121:19-41
activity#com.reeching.bluegrass.AddHualangLocation
ADDED from src\main\AndroidManifest.xml:122:9-125:52
	android:screenOrientation
		ADDED from src\main\AndroidManifest.xml:125:13-49
	android:configChanges
		ADDED from src\main\AndroidManifest.xml:124:13-74
	android:name
		ADDED from src\main\AndroidManifest.xml:123:13-47
activity#com.reeching.bluegrass.HistoryInfoActivity
ADDED from src\main\AndroidManifest.xml:126:9-129:52
	android:screenOrientation
		ADDED from src\main\AndroidManifest.xml:129:13-49
	android:configChanges
		ADDED from src\main\AndroidManifest.xml:128:13-74
	android:name
		ADDED from src\main\AndroidManifest.xml:127:13-48
activity#com.reeching.bluegrass.HualangHistoryActivity
ADDED from src\main\AndroidManifest.xml:130:9-60
	android:name
		ADDED from src\main\AndroidManifest.xml:130:19-57
activity#com.reeching.bluegrass.HuaLangSerchActivity
ADDED from src\main\AndroidManifest.xml:131:9-58
	android:name
		ADDED from src\main\AndroidManifest.xml:131:19-55
activity#com.reeching.bluegrass.LoginActivity
ADDED from src\main\AndroidManifest.xml:132:9-51
	android:name
		ADDED from src\main\AndroidManifest.xml:132:19-48
activity#com.reeching.bluegrass.PersionInfoActivity
ADDED from src\main\AndroidManifest.xml:134:9-57
	android:name
		ADDED from src\main\AndroidManifest.xml:134:19-54
activity#com.reeching.bluegrass.MainActivity
ADDED from src\main\AndroidManifest.xml:135:9-138:52
	android:screenOrientation
		ADDED from src\main\AndroidManifest.xml:138:13-49
	android:configChanges
		ADDED from src\main\AndroidManifest.xml:137:13-74
	android:name
		ADDED from src\main\AndroidManifest.xml:136:13-41
activity#com.reeching.bluegrass.HuaLangShowingActivity
ADDED from src\main\AndroidManifest.xml:139:9-60
	android:name
		ADDED from src\main\AndroidManifest.xml:139:19-57
activity#com.reeching.bluegrass.ShowingInfoActivity
ADDED from src\main\AndroidManifest.xml:140:9-143:72
	android:label
		ADDED from src\main\AndroidManifest.xml:142:13-64
	android:theme
		ADDED from src\main\AndroidManifest.xml:143:13-69
	android:name
		ADDED from src\main\AndroidManifest.xml:141:13-48
activity#com.reeching.bluegrass.HuaLangPlanActivity
ADDED from src\main\AndroidManifest.xml:144:9-57
	android:name
		ADDED from src\main\AndroidManifest.xml:144:19-54
activity#com.reeching.bluegrass.PlanInfoActivity
ADDED from src\main\AndroidManifest.xml:145:9-148:52
	android:screenOrientation
		ADDED from src\main\AndroidManifest.xml:148:13-49
	android:configChanges
		ADDED from src\main\AndroidManifest.xml:147:13-74
	android:name
		ADDED from src\main\AndroidManifest.xml:146:13-45
activity#com.reeching.bluegrass.HuaLangAllHistoryActivity
ADDED from src\main\AndroidManifest.xml:149:9-63
	android:name
		ADDED from src\main\AndroidManifest.xml:149:19-60
activity#com.reeching.bluegrass.AllHistoryInfoActivity
ADDED from src\main\AndroidManifest.xml:150:9-153:52
	android:screenOrientation
		ADDED from src\main\AndroidManifest.xml:153:13-49
	android:configChanges
		ADDED from src\main\AndroidManifest.xml:152:13-74
	android:name
		ADDED from src\main\AndroidManifest.xml:151:13-51
activity#com.reeching.bluegrass.ReportedDetailActivity
ADDED from src\main\AndroidManifest.xml:154:9-60
	android:name
		ADDED from src\main\AndroidManifest.xml:154:19-57
activity#com.reeching.bluegrass.HaveCheckActivity
ADDED from src\main\AndroidManifest.xml:155:9-55
	android:name
		ADDED from src\main\AndroidManifest.xml:155:19-52
activity#com.reeching.bluegrass.HaveCheckInfoActivity
ADDED from src\main\AndroidManifest.xml:156:9-159:52
	android:screenOrientation
		ADDED from src\main\AndroidManifest.xml:159:13-49
	android:configChanges
		ADDED from src\main\AndroidManifest.xml:158:13-74
	android:name
		ADDED from src\main\AndroidManifest.xml:157:13-50
activity#com.reeching.bluegrass.HaveVerificationActivity
ADDED from src\main\AndroidManifest.xml:160:9-62
	android:name
		ADDED from src\main\AndroidManifest.xml:160:19-59
activity#com.reeching.bluegrass.HaveVerificationInfoActivity
ADDED from src\main\AndroidManifest.xml:161:9-164:52
	android:screenOrientation
		ADDED from src\main\AndroidManifest.xml:164:13-49
	android:configChanges
		ADDED from src\main\AndroidManifest.xml:163:13-74
	android:name
		ADDED from src\main\AndroidManifest.xml:162:13-57
activity#com.reeching.bluegrass.WaitForHeChaActivity
ADDED from src\main\AndroidManifest.xml:165:9-58
	android:name
		ADDED from src\main\AndroidManifest.xml:165:19-55
activity#com.reeching.bluegrass.HaveReportedActivity
ADDED from src\main\AndroidManifest.xml:166:9-169:52
	android:screenOrientation
		ADDED from src\main\AndroidManifest.xml:169:13-49
	android:configChanges
		ADDED from src\main\AndroidManifest.xml:168:13-74
	android:name
		ADDED from src\main\AndroidManifest.xml:167:13-49
activity#com.reeching.bluegrass.GalleryReportActivity
ADDED from src\main\AndroidManifest.xml:170:9-59
	android:name
		ADDED from src\main\AndroidManifest.xml:170:19-56
activity#com.reeching.bluegrass.ShelvesActivity
ADDED from src\main\AndroidManifest.xml:171:9-53
	android:name
		ADDED from src\main\AndroidManifest.xml:171:19-50
activity#com.reeching.bluegrass.XiaJiaActivity
ADDED from src\main\AndroidManifest.xml:172:9-52
	android:name
		ADDED from src\main\AndroidManifest.xml:172:19-49
activity#com.reeching.bluegrass.PicViewActivity
ADDED from src\main\AndroidManifest.xml:173:9-53
	android:name
		ADDED from src\main\AndroidManifest.xml:173:19-50
activity#com.reeching.bluegrass.PicViewActivityTemp
ADDED from src\main\AndroidManifest.xml:174:9-57
	android:name
		ADDED from src\main\AndroidManifest.xml:174:19-54
activity#com.reeching.bluegrass.MatterActivity
ADDED from src\main\AndroidManifest.xml:175:9-52
	android:name
		ADDED from src\main\AndroidManifest.xml:175:19-49
activity#com.reeching.bluegrass.XiadaActivity
ADDED from src\main\AndroidManifest.xml:176:9-51
	android:name
		ADDED from src\main\AndroidManifest.xml:176:19-48
activity#com.reeching.activity.HomeActivity
ADDED from src\main\AndroidManifest.xml:177:9-71
	android:name
		ADDED from src\main\AndroidManifest.xml:177:19-68
activity#com.reeching.activity.VideoGridActivity
ADDED from src\main\AndroidManifest.xml:178:9-76
	android:name
		ADDED from src\main\AndroidManifest.xml:178:19-73
activity#com.reeching.activity.VideoActivity
ADDED from src\main\AndroidManifest.xml:179:9-182:49
	android:configChanges
		ADDED from src\main\AndroidManifest.xml:181:13-74
	android:theme
		ADDED from src\main\AndroidManifest.xml:182:13-46
	android:name
		ADDED from src\main\AndroidManifest.xml:180:13-63
activity#com.reeching.activity.Recover_HuaLang
ADDED from src\main\AndroidManifest.xml:183:9-74
	android:name
		ADDED from src\main\AndroidManifest.xml:183:19-71
activity#com.reeching.video.CameraActivity
ADDED from src\main\AndroidManifest.xml:184:9-69
	android:name
		ADDED from src\main\AndroidManifest.xml:184:19-67
activity#com.reeching.activity.SearchExhibition
ADDED from src\main\AndroidManifest.xml:186:9-75
	android:name
		ADDED from src\main\AndroidManifest.xml:186:19-72
uses-sdk
INJECTED from src\main\AndroidManifest.xml reason: use-sdk injection requested
INJECTED from src\main\AndroidManifest.xml
INJECTED from src\main\AndroidManifest.xml
MERGED from [com.android.support.constraint:constraint-layout:1.1.3] AndroidManifest.xml:5:5-7:41
MERGED from [com.android.support.constraint:constraint-layout:1.1.3] AndroidManifest.xml:5:5-7:41
MERGED from [:pullToRefrashlibrary] AndroidManifest.xml:7:5-9:41
MERGED from [:pullToRefrashlibrary] AndroidManifest.xml:7:5-9:41
MERGED from [:library] AndroidManifest.xml:7:5-9:41
MERGED from [:library] AndroidManifest.xml:7:5-9:41
MERGED from [com.android.support:design:28.0.0] AndroidManifest.xml:20:5-44
MERGED from [com.android.support:design:28.0.0] AndroidManifest.xml:20:5-44
MERGED from [com.android.support:cardview-v7:28.0.0] AndroidManifest.xml:20:5-44
MERGED from [com.android.support:cardview-v7:28.0.0] AndroidManifest.xml:20:5-44
MERGED from [:imageselector] AndroidManifest.xml:7:5-9:41
MERGED from [:imageselector] AndroidManifest.xml:7:5-9:41
MERGED from [com.android.support:support-v13:28.0.0] AndroidManifest.xml:20:5-44
MERGED from [com.android.support:support-v13:28.0.0] AndroidManifest.xml:20:5-44
MERGED from [com.android.support:support-v4:28.0.0] AndroidManifest.xml:20:5-44
MERGED from [com.android.support:support-v4:28.0.0] AndroidManifest.xml:20:5-44
MERGED from [:PushSDK] AndroidManifest.xml:7:5-9:41
MERGED from [:PushSDK] AndroidManifest.xml:7:5-9:41
MERGED from [com.android.support:recyclerview-v7:28.0.0] AndroidManifest.xml:20:5-44
MERGED from [com.android.support:recyclerview-v7:28.0.0] AndroidManifest.xml:20:5-44
MERGED from [com.android.support:appcompat-v7:28.0.0] AndroidManifest.xml:20:5-44
MERGED from [com.android.support:appcompat-v7:28.0.0] AndroidManifest.xml:20:5-44
MERGED from [com.lzy.net:okgo:3.0.4] AndroidManifest.xml:22:5-24:41
MERGED from [com.lzy.net:okgo:3.0.4] AndroidManifest.xml:22:5-24:41
MERGED from [cn.jzvd:jiaozivideoplayer:6.2.12] AndroidManifest.xml:7:5-9:41
MERGED from [cn.jzvd:jiaozivideoplayer:6.2.12] AndroidManifest.xml:7:5-9:41
MERGED from [com.iceteck.silicompressorr:silicompressor:2.2.1] AndroidManifest.xml:7:5-9:41
MERGED from [com.iceteck.silicompressorr:silicompressor:2.2.1] AndroidManifest.xml:7:5-9:41
MERGED from [com.android.support:multidex-instrumentation:1.0.3] AndroidManifest.xml:20:5-43
MERGED from [com.android.support:multidex-instrumentation:1.0.3] AndroidManifest.xml:20:5-43
MERGED from [com.android.support:multidex:1.0.3] AndroidManifest.xml:20:5-43
MERGED from [com.android.support:multidex:1.0.3] AndroidManifest.xml:20:5-43
MERGED from [com.danikula:videocache:2.7.1] AndroidManifest.xml:8:5-10:41
MERGED from [com.danikula:videocache:2.7.1] AndroidManifest.xml:8:5-10:41
MERGED from [com.squareup.leakcanary:leakcanary-android-no-op:1.5.4] AndroidManifest.xml:20:5-44
MERGED from [com.squareup.leakcanary:leakcanary-android-no-op:1.5.4] AndroidManifest.xml:20:5-44
MERGED from [com.android.support:support-fragment:28.0.0] AndroidManifest.xml:20:5-44
MERGED from [com.android.support:support-fragment:28.0.0] AndroidManifest.xml:20:5-44
MERGED from [com.android.support:animated-vector-drawable:28.0.0] AndroidManifest.xml:20:5-44
MERGED from [com.android.support:animated-vector-drawable:28.0.0] AndroidManifest.xml:20:5-44
MERGED from [com.android.support:support-core-ui:28.0.0] AndroidManifest.xml:20:5-44
MERGED from [com.android.support:support-core-ui:28.0.0] AndroidManifest.xml:20:5-44
MERGED from [com.android.support:support-core-utils:28.0.0] AndroidManifest.xml:20:5-44
MERGED from [com.android.support:support-core-utils:28.0.0] AndroidManifest.xml:20:5-44
MERGED from [com.android.support:transition:28.0.0] AndroidManifest.xml:20:5-44
MERGED from [com.android.support:transition:28.0.0] AndroidManifest.xml:20:5-44
MERGED from [com.android.support:support-media-compat:28.0.0] AndroidManifest.xml:20:5-44
MERGED from [com.android.support:support-media-compat:28.0.0] AndroidManifest.xml:20:5-44
MERGED from [com.android.support:support-vector-drawable:28.0.0] AndroidManifest.xml:20:5-44
MERGED from [com.android.support:support-vector-drawable:28.0.0] AndroidManifest.xml:20:5-44
MERGED from [com.android.support:viewpager:28.0.0] AndroidManifest.xml:20:5-44
MERGED from [com.android.support:viewpager:28.0.0] AndroidManifest.xml:20:5-44
MERGED from [com.android.support:coordinatorlayout:28.0.0] AndroidManifest.xml:20:5-44
MERGED from [com.android.support:coordinatorlayout:28.0.0] AndroidManifest.xml:20:5-44
MERGED from [com.android.support:drawerlayout:28.0.0] AndroidManifest.xml:20:5-44
MERGED from [com.android.support:drawerlayout:28.0.0] AndroidManifest.xml:20:5-44
MERGED from [com.android.support:slidingpanelayout:28.0.0] AndroidManifest.xml:20:5-44
MERGED from [com.android.support:slidingpanelayout:28.0.0] AndroidManifest.xml:20:5-44
MERGED from [com.android.support:customview:28.0.0] AndroidManifest.xml:20:5-44
MERGED from [com.android.support:customview:28.0.0] AndroidManifest.xml:20:5-44
MERGED from [com.android.support:swiperefreshlayout:28.0.0] AndroidManifest.xml:20:5-44
MERGED from [com.android.support:swiperefreshlayout:28.0.0] AndroidManifest.xml:20:5-44
MERGED from [com.android.support:asynclayoutinflater:28.0.0] AndroidManifest.xml:20:5-44
MERGED from [com.android.support:asynclayoutinflater:28.0.0] AndroidManifest.xml:20:5-44
MERGED from [com.android.support:loader:28.0.0] AndroidManifest.xml:20:5-44
MERGED from [com.android.support:loader:28.0.0] AndroidManifest.xml:20:5-44
MERGED from [com.android.support:support-compat:28.0.0] AndroidManifest.xml:20:5-44
MERGED from [com.android.support:support-compat:28.0.0] AndroidManifest.xml:20:5-44